SF:lib\views\login_view.dart
DA:5,1
DA:8,2
DA:12,1
DA:13,1
DA:21,1
DA:24,1
DA:25,2
DA:26,3
DA:30,0
DA:31,0
DA:32,0
DA:36,1
DA:38,1
DA:39,1
DA:40,1
DA:41,1
DA:42,1
DA:44,1
DA:45,1
DA:46,1
DA:47,1
DA:48,1
DA:49,1
DA:51,1
DA:52,2
DA:53,3
DA:57,2
DA:61,1
DA:63,1
DA:64,1
DA:65,2
DA:67,1
DA:68,2
DA:69,1
DA:70,2
DA:71,1
DA:72,2
DA:74,3
DA:76,1
LF:39
LH:36
end_of_record
SF:lib\components\login_form.dart
DA:6,1
DA:8,1
DA:9,1
DA:15,1
DA:16,3
DA:17,2
DA:18,4
DA:22,1
DA:24,1
DA:25,1
DA:26,1
DA:27,1
DA:28,1
DA:30,1
DA:31,1
DA:32,1
DA:40,1
DA:42,1
DA:43,1
DA:48,2
DA:50,1
DA:53,1
DA:55,1
DA:56,1
LF:24
LH:24
end_of_record
SF:lib\utils\validate_email.dart
DA:1,1
DA:7,2
DA:8,1
LF:3
LH:3
end_of_record
SF:lib\components\register_form.dart
DA:6,1
DA:8,1
DA:9,1
DA:15,0
DA:16,0
DA:17,0
DA:18,0
DA:22,1
DA:24,1
DA:25,1
DA:26,1
DA:27,1
DA:28,1
DA:31,0
DA:32,0
DA:36,1
DA:39,0
DA:40,0
DA:44,1
DA:47,2
DA:49,0
DA:50,0
DA:54,1
DA:57,0
DA:58,0
DA:59,0
DA:63,1
DA:66,1
DA:68,1
DA:69,0
LF:30
LH:16
end_of_record
